[debug] [2018-03-08T15:00:33.253Z] ----------------------------------------------------------------------
[debug] [2018-03-08T15:00:33.255Z] Command:       C:\Program Files\nodejs\node.exe C:\Users\evgen\AppData\Roaming\npm\node_modules\firebase-tools\bin\firebase deploy
[debug] [2018-03-08T15:00:33.255Z] CLI Version:   3.17.4
[debug] [2018-03-08T15:00:33.256Z] Platform:      win32
[debug] [2018-03-08T15:00:33.256Z] Node Version:  v9.4.0
[debug] [2018-03-08T15:00:33.256Z] Time:          Thu Mar 08 2018 17:00:33 GMT+0200 (Jerusalem Standard Time)
[debug] [2018-03-08T15:00:33.256Z] ----------------------------------------------------------------------
[debug] 
[debug] [2018-03-08T15:00:33.266Z] > command requires scopes: ["email","openid","https://www.googleapis.com/auth/cloudplatformprojects.readonly","https://www.googleapis.com/auth/firebase","https://www.googleapis.com/auth/cloud-platform"]
[debug] [2018-03-08T15:00:33.266Z] > authorizing via signed-in user
[debug] [2018-03-08T15:00:33.268Z] >>> HTTP REQUEST GET https://admin.firebase.com/v1/projects/chat-app-19ecd  
  
 Thu Mar 08 2018 17:00:33 GMT+0200 (Jerusalem Standard Time)
[debug] [2018-03-08T15:00:34.216Z] <<< HTTP RESPONSE 200
[debug] [2018-03-08T15:00:34.217Z] >>> HTTP REQUEST GET https://admin.firebase.com/v1/database/chat-app-19ecd/tokens  
  
 Thu Mar 08 2018 17:00:34 GMT+0200 (Jerusalem Standard Time)
[debug] [2018-03-08T15:00:34.984Z] <<< HTTP RESPONSE 200
[info] 
[info] === Deploying to 'chat-app-19ecd'...
[info] 
[info] i  deploying functions, hosting
[debug] [2018-03-08T15:00:35.946Z] > [functions] package.json contents: {
  "name": "functions",
  "description": "Cloud Functions for Firebase",
  "scripts": {
    "serve": "firebase serve --only functions",
    "shell": "firebase experimental:functions:shell",
    "start": "npm run shell",
    "deploy": "firebase deploy --only functions",
    "logs": "firebase functions:log"
  },
  "dependencies": {
    "firebase-admin": "~5.8.1",
    "firebase-functions": "^0.8.1"
  },
  "private": true
}
[info] i  functions: ensuring necessary APIs are enabled...
[debug] [2018-03-08T15:00:35.948Z] >>> HTTP REQUEST GET https://servicemanagement.googleapis.com/v1/services/cloudfunctions.googleapis.com/projectSettings/chat-app-19ecd?view=CONSUMER_VIEW  
  
 Thu Mar 08 2018 17:00:35 GMT+0200 (Jerusalem Standard Time)
[debug] [2018-03-08T15:00:35.948Z] >>> HTTP REQUEST GET https://servicemanagement.googleapis.com/v1/services/runtimeconfig.googleapis.com/projectSettings/chat-app-19ecd?view=CONSUMER_VIEW  
  
 Thu Mar 08 2018 17:00:35 GMT+0200 (Jerusalem Standard Time)
[debug] [2018-03-08T15:00:37.739Z] <<< HTTP RESPONSE 200
[debug] [2018-03-08T15:00:37.848Z] <<< HTTP RESPONSE 200
[info] +  functions: all necessary APIs are enabled
[debug] [2018-03-08T15:00:37.849Z] >>> HTTP REQUEST GET https://appengine.googleapis.com/v1/apps/chat-app-19ecd  
  
 Thu Mar 08 2018 17:00:37 GMT+0200 (Jerusalem Standard Time)
[debug] [2018-03-08T15:00:37.849Z] >>> HTTP REQUEST GET https://apikeys.googleapis.com/v1/projects/chat-app-19ecd/apiKeys  
  
 Thu Mar 08 2018 17:00:37 GMT+0200 (Jerusalem Standard Time)
[debug] [2018-03-08T15:00:38.818Z] <<< HTTP RESPONSE 200
[debug] [2018-03-08T15:00:38.957Z] <<< HTTP RESPONSE 200
[info] i  functions: preparing functions directory for uploading...
[debug] [2018-03-08T15:00:38.966Z] >>> HTTP REQUEST GET https://runtimeconfig.googleapis.com/v1beta1/projects/chat-app-19ecd/configs  
  
 Thu Mar 08 2018 17:00:38 GMT+0200 (Jerusalem Standard Time)
[debug] [2018-03-08T15:00:39.983Z] <<< HTTP RESPONSE 200
[info] i  functions: packaged functions (31.05 KB) for uploading
[debug] [2018-03-08T15:00:40.512Z] >>> HTTP REQUEST GET https://www.googleapis.com/storage/v1/b/staging.chat-app-19ecd.appspot.com  
  
 Thu Mar 08 2018 17:00:40 GMT+0200 (Jerusalem Standard Time)
[debug] [2018-03-08T15:00:41.035Z] <<< HTTP RESPONSE 200
[debug] [2018-03-08T15:00:41.037Z] >>> HTTP REQUEST POST https://www.googleapis.com/upload/storage/v1/b/staging.chat-app-19ecd.appspot.com/o?uploadType=media&name=firebase-functions-source  
 ReadStream {
  _readableState: 
   ReadableState {
     objectMode: false,
     highWaterMark: 65536,
     buffer: BufferList { head: [Object], tail: [Object], length: 1 },
     length: 31794,
     pipes: null,
     pipesCount: 0,
     flowing: null,
     ended: true,
     endEmitted: false,
     reading: false,
     sync: false,
     needReadable: false,
     emittedReadable: true,
     readableListening: false,
     resumeScheduled: false,
     destroyed: false,
     defaultEncoding: 'utf8',
     awaitDrain: 0,
     readingMore: false,
     decoder: null,
     encoding: null },
  readable: true,
  domain: null,
  _events: { end: [Function] },
  _eventsCount: 1,
  _maxListeners: undefined,
  path: 'C:\\Users\\evgen\\AppData\\Local\\Temp\\firebase-functions-13920YO8Jx6gcAHCp.zip',
  fd: 5,
  flags: 'r',
  mode: 438,
  start: undefined,
  end: undefined,
  autoClose: true,
  pos: undefined,
  bytesRead: 31794,
  closed: false } 
 Thu Mar 08 2018 17:00:41 GMT+0200 (Jerusalem Standard Time)
[debug] [2018-03-08T15:00:41.825Z] <<< HTTP RESPONSE 200
[info] +  functions: functions folder uploaded successfully
[info] i  hosting: preparing public directory for upload...
[debug] [2018-03-08T15:00:41.919Z] >>> HTTP REQUEST PUT https://deploy.firebase.com/v1/hosting/chat-app-19ecd/uploads/-L757CbjCo2c0nlLv2xl?fileCount=13&message=  
  
 Thu Mar 08 2018 17:00:41 GMT+0200 (Jerusalem Standard Time)
[debug] [2018-03-08T15:00:44.245Z] <<< HTTP RESPONSE 200
[debug] [2018-03-08T15:00:44.246Z] [hosting] .tgz uploaded successfully, waiting for extraction
[info] +  hosting: 13 files uploaded successfully
[debug] [2018-03-08T15:00:45.058Z] >>> HTTP REQUEST GET https://cloudfunctions.googleapis.com/v1/projects/chat-app-19ecd/locations/us-central1/functions  
  
 Thu Mar 08 2018 17:00:45 GMT+0200 (Jerusalem Standard Time)
[debug] [2018-03-08T15:00:45.636Z] <<< HTTP RESPONSE 200
[info] i  functions: creating function helloWorld...
[debug] [2018-03-08T15:00:45.639Z] Trigger is:  {"httpsTrigger":{}}
[debug] [2018-03-08T15:00:45.641Z] >>> HTTP REQUEST POST https://cloudfunctions.googleapis.com/v1/projects/chat-app-19ecd/locations/us-central1/functions  
 { sourceArchiveUrl: 'gs://staging.chat-app-19ecd.appspot.com/firebase-functions-source',
  name: 'projects/chat-app-19ecd/locations/us-central1/functions/helloWorld',
  entryPoint: 'helloWorld',
  labels: { 'deployment-tool': 'cli-firebase' },
  httpsTrigger: {} } 
 Thu Mar 08 2018 17:00:45 GMT+0200 (Jerusalem Standard Time)
[debug] [2018-03-08T15:00:46.083Z] <<< HTTP RESPONSE 200
[debug] [2018-03-08T15:00:46.087Z] >>> HTTP REQUEST GET https://cloudfunctions.googleapis.com/v1/projects/chat-app-19ecd/locations/us-central1/functions  
  
 Thu Mar 08 2018 17:00:46 GMT+0200 (Jerusalem Standard Time)
[debug] [2018-03-08T15:00:46.500Z] <<< HTTP RESPONSE 200
[debug] [2018-03-08T15:00:46.501Z] >>> HTTP REQUEST GET https://cloudfunctions.googleapis.com/v1/operations/Y2hhdC1hcHAtMTllY2QvdXMtY2VudHJhbDEvaGVsbG9Xb3JsZC9KeFFwUkNJdDZLZw  
  
 Thu Mar 08 2018 17:00:46 GMT+0200 (Jerusalem Standard Time)
[debug] [2018-03-08T15:00:46.904Z] <<< HTTP RESPONSE 200
[debug] [2018-03-08T15:00:48.907Z] >>> HTTP REQUEST GET https://cloudfunctions.googleapis.com/v1/operations/Y2hhdC1hcHAtMTllY2QvdXMtY2VudHJhbDEvaGVsbG9Xb3JsZC9KeFFwUkNJdDZLZw  
  
 Thu Mar 08 2018 17:00:48 GMT+0200 (Jerusalem Standard Time)
[debug] [2018-03-08T15:00:49.264Z] <<< HTTP RESPONSE 200
[debug] [2018-03-08T15:00:51.265Z] >>> HTTP REQUEST GET https://cloudfunctions.googleapis.com/v1/operations/Y2hhdC1hcHAtMTllY2QvdXMtY2VudHJhbDEvaGVsbG9Xb3JsZC9KeFFwUkNJdDZLZw  
  
 Thu Mar 08 2018 17:00:51 GMT+0200 (Jerusalem Standard Time)
[debug] [2018-03-08T15:00:51.670Z] <<< HTTP RESPONSE 200
[debug] [2018-03-08T15:00:53.671Z] >>> HTTP REQUEST GET https://cloudfunctions.googleapis.com/v1/operations/Y2hhdC1hcHAtMTllY2QvdXMtY2VudHJhbDEvaGVsbG9Xb3JsZC9KeFFwUkNJdDZLZw  
  
 Thu Mar 08 2018 17:00:53 GMT+0200 (Jerusalem Standard Time)
[debug] [2018-03-08T15:00:54.064Z] <<< HTTP RESPONSE 200
[debug] [2018-03-08T15:00:56.065Z] >>> HTTP REQUEST GET https://cloudfunctions.googleapis.com/v1/operations/Y2hhdC1hcHAtMTllY2QvdXMtY2VudHJhbDEvaGVsbG9Xb3JsZC9KeFFwUkNJdDZLZw  
  
 Thu Mar 08 2018 17:00:56 GMT+0200 (Jerusalem Standard Time)
[debug] [2018-03-08T15:00:56.448Z] <<< HTTP RESPONSE 200
[debug] [2018-03-08T15:00:58.450Z] >>> HTTP REQUEST GET https://cloudfunctions.googleapis.com/v1/operations/Y2hhdC1hcHAtMTllY2QvdXMtY2VudHJhbDEvaGVsbG9Xb3JsZC9KeFFwUkNJdDZLZw  
  
 Thu Mar 08 2018 17:00:58 GMT+0200 (Jerusalem Standard Time)
[debug] [2018-03-08T15:00:58.814Z] <<< HTTP RESPONSE 200
[debug] [2018-03-08T15:01:00.815Z] >>> HTTP REQUEST GET https://cloudfunctions.googleapis.com/v1/operations/Y2hhdC1hcHAtMTllY2QvdXMtY2VudHJhbDEvaGVsbG9Xb3JsZC9KeFFwUkNJdDZLZw  
  
 Thu Mar 08 2018 17:01:00 GMT+0200 (Jerusalem Standard Time)
[debug] [2018-03-08T15:01:01.202Z] <<< HTTP RESPONSE 200
[debug] [2018-03-08T15:01:03.202Z] >>> HTTP REQUEST GET https://cloudfunctions.googleapis.com/v1/operations/Y2hhdC1hcHAtMTllY2QvdXMtY2VudHJhbDEvaGVsbG9Xb3JsZC9KeFFwUkNJdDZLZw  
  
 Thu Mar 08 2018 17:01:03 GMT+0200 (Jerusalem Standard Time)
[debug] [2018-03-08T15:01:03.591Z] <<< HTTP RESPONSE 200
[debug] [2018-03-08T15:01:05.592Z] >>> HTTP REQUEST GET https://cloudfunctions.googleapis.com/v1/operations/Y2hhdC1hcHAtMTllY2QvdXMtY2VudHJhbDEvaGVsbG9Xb3JsZC9KeFFwUkNJdDZLZw  
  
 Thu Mar 08 2018 17:01:05 GMT+0200 (Jerusalem Standard Time)
[debug] [2018-03-08T15:01:05.956Z] <<< HTTP RESPONSE 200
[debug] [2018-03-08T15:01:07.957Z] >>> HTTP REQUEST GET https://cloudfunctions.googleapis.com/v1/operations/Y2hhdC1hcHAtMTllY2QvdXMtY2VudHJhbDEvaGVsbG9Xb3JsZC9KeFFwUkNJdDZLZw  
  
 Thu Mar 08 2018 17:01:07 GMT+0200 (Jerusalem Standard Time)
[debug] [2018-03-08T15:01:08.334Z] <<< HTTP RESPONSE 200
[debug] [2018-03-08T15:01:10.335Z] >>> HTTP REQUEST GET https://cloudfunctions.googleapis.com/v1/operations/Y2hhdC1hcHAtMTllY2QvdXMtY2VudHJhbDEvaGVsbG9Xb3JsZC9KeFFwUkNJdDZLZw  
  
 Thu Mar 08 2018 17:01:10 GMT+0200 (Jerusalem Standard Time)
[debug] [2018-03-08T15:01:10.704Z] <<< HTTP RESPONSE 200
[debug] [2018-03-08T15:01:12.704Z] >>> HTTP REQUEST GET https://cloudfunctions.googleapis.com/v1/operations/Y2hhdC1hcHAtMTllY2QvdXMtY2VudHJhbDEvaGVsbG9Xb3JsZC9KeFFwUkNJdDZLZw  
  
 Thu Mar 08 2018 17:01:12 GMT+0200 (Jerusalem Standard Time)
[debug] [2018-03-08T15:01:13.101Z] <<< HTTP RESPONSE 200
[debug] [2018-03-08T15:01:15.103Z] >>> HTTP REQUEST GET https://cloudfunctions.googleapis.com/v1/operations/Y2hhdC1hcHAtMTllY2QvdXMtY2VudHJhbDEvaGVsbG9Xb3JsZC9KeFFwUkNJdDZLZw  
  
 Thu Mar 08 2018 17:01:15 GMT+0200 (Jerusalem Standard Time)
[debug] [2018-03-08T15:01:15.464Z] <<< HTTP RESPONSE 200
[debug] [2018-03-08T15:01:17.466Z] >>> HTTP REQUEST GET https://cloudfunctions.googleapis.com/v1/operations/Y2hhdC1hcHAtMTllY2QvdXMtY2VudHJhbDEvaGVsbG9Xb3JsZC9KeFFwUkNJdDZLZw  
  
 Thu Mar 08 2018 17:01:17 GMT+0200 (Jerusalem Standard Time)
[debug] [2018-03-08T15:01:17.846Z] <<< HTTP RESPONSE 200
[debug] [2018-03-08T15:01:19.848Z] >>> HTTP REQUEST GET https://cloudfunctions.googleapis.com/v1/operations/Y2hhdC1hcHAtMTllY2QvdXMtY2VudHJhbDEvaGVsbG9Xb3JsZC9KeFFwUkNJdDZLZw  
  
 Thu Mar 08 2018 17:01:19 GMT+0200 (Jerusalem Standard Time)
[debug] [2018-03-08T15:01:20.225Z] <<< HTTP RESPONSE 200
[debug] [2018-03-08T15:01:22.226Z] >>> HTTP REQUEST GET https://cloudfunctions.googleapis.com/v1/operations/Y2hhdC1hcHAtMTllY2QvdXMtY2VudHJhbDEvaGVsbG9Xb3JsZC9KeFFwUkNJdDZLZw  
  
 Thu Mar 08 2018 17:01:22 GMT+0200 (Jerusalem Standard Time)
[debug] [2018-03-08T15:01:22.614Z] <<< HTTP RESPONSE 200
[debug] [2018-03-08T15:01:24.615Z] >>> HTTP REQUEST GET https://cloudfunctions.googleapis.com/v1/operations/Y2hhdC1hcHAtMTllY2QvdXMtY2VudHJhbDEvaGVsbG9Xb3JsZC9KeFFwUkNJdDZLZw  
  
 Thu Mar 08 2018 17:01:24 GMT+0200 (Jerusalem Standard Time)
[debug] [2018-03-08T15:01:25.007Z] <<< HTTP RESPONSE 200
[debug] [2018-03-08T15:01:27.008Z] >>> HTTP REQUEST GET https://cloudfunctions.googleapis.com/v1/operations/Y2hhdC1hcHAtMTllY2QvdXMtY2VudHJhbDEvaGVsbG9Xb3JsZC9KeFFwUkNJdDZLZw  
  
 Thu Mar 08 2018 17:01:27 GMT+0200 (Jerusalem Standard Time)
[debug] [2018-03-08T15:01:27.375Z] <<< HTTP RESPONSE 200
[debug] [2018-03-08T15:01:29.376Z] >>> HTTP REQUEST GET https://cloudfunctions.googleapis.com/v1/operations/Y2hhdC1hcHAtMTllY2QvdXMtY2VudHJhbDEvaGVsbG9Xb3JsZC9KeFFwUkNJdDZLZw  
  
 Thu Mar 08 2018 17:01:29 GMT+0200 (Jerusalem Standard Time)
[debug] [2018-03-08T15:01:29.735Z] <<< HTTP RESPONSE 200
[debug] [2018-03-08T15:01:31.737Z] >>> HTTP REQUEST GET https://cloudfunctions.googleapis.com/v1/operations/Y2hhdC1hcHAtMTllY2QvdXMtY2VudHJhbDEvaGVsbG9Xb3JsZC9KeFFwUkNJdDZLZw  
  
 Thu Mar 08 2018 17:01:31 GMT+0200 (Jerusalem Standard Time)
[debug] [2018-03-08T15:01:32.120Z] <<< HTTP RESPONSE 200
[debug] [2018-03-08T15:01:34.121Z] >>> HTTP REQUEST GET https://cloudfunctions.googleapis.com/v1/operations/Y2hhdC1hcHAtMTllY2QvdXMtY2VudHJhbDEvaGVsbG9Xb3JsZC9KeFFwUkNJdDZLZw  
  
 Thu Mar 08 2018 17:01:34 GMT+0200 (Jerusalem Standard Time)
[debug] [2018-03-08T15:01:34.489Z] <<< HTTP RESPONSE 200
[debug] [2018-03-08T15:01:36.490Z] >>> HTTP REQUEST GET https://cloudfunctions.googleapis.com/v1/operations/Y2hhdC1hcHAtMTllY2QvdXMtY2VudHJhbDEvaGVsbG9Xb3JsZC9KeFFwUkNJdDZLZw  
  
 Thu Mar 08 2018 17:01:36 GMT+0200 (Jerusalem Standard Time)
[debug] [2018-03-08T15:01:36.845Z] <<< HTTP RESPONSE 200
[debug] [2018-03-08T15:01:38.845Z] >>> HTTP REQUEST GET https://cloudfunctions.googleapis.com/v1/operations/Y2hhdC1hcHAtMTllY2QvdXMtY2VudHJhbDEvaGVsbG9Xb3JsZC9KeFFwUkNJdDZLZw  
  
 Thu Mar 08 2018 17:01:38 GMT+0200 (Jerusalem Standard Time)
[debug] [2018-03-08T15:01:39.253Z] <<< HTTP RESPONSE 200
[debug] [2018-03-08T15:01:41.255Z] >>> HTTP REQUEST GET https://cloudfunctions.googleapis.com/v1/operations/Y2hhdC1hcHAtMTllY2QvdXMtY2VudHJhbDEvaGVsbG9Xb3JsZC9KeFFwUkNJdDZLZw  
  
 Thu Mar 08 2018 17:01:41 GMT+0200 (Jerusalem Standard Time)
[debug] [2018-03-08T15:01:41.631Z] <<< HTTP RESPONSE 200
[debug] [2018-03-08T15:01:43.633Z] >>> HTTP REQUEST GET https://cloudfunctions.googleapis.com/v1/operations/Y2hhdC1hcHAtMTllY2QvdXMtY2VudHJhbDEvaGVsbG9Xb3JsZC9KeFFwUkNJdDZLZw  
  
 Thu Mar 08 2018 17:01:43 GMT+0200 (Jerusalem Standard Time)
[debug] [2018-03-08T15:01:44.002Z] <<< HTTP RESPONSE 200
[debug] [2018-03-08T15:01:46.004Z] >>> HTTP REQUEST GET https://cloudfunctions.googleapis.com/v1/operations/Y2hhdC1hcHAtMTllY2QvdXMtY2VudHJhbDEvaGVsbG9Xb3JsZC9KeFFwUkNJdDZLZw  
  
 Thu Mar 08 2018 17:01:46 GMT+0200 (Jerusalem Standard Time)
[debug] [2018-03-08T15:01:46.369Z] <<< HTTP RESPONSE 200
[debug] [2018-03-08T15:01:48.370Z] >>> HTTP REQUEST GET https://cloudfunctions.googleapis.com/v1/operations/Y2hhdC1hcHAtMTllY2QvdXMtY2VudHJhbDEvaGVsbG9Xb3JsZC9KeFFwUkNJdDZLZw  
  
 Thu Mar 08 2018 17:01:48 GMT+0200 (Jerusalem Standard Time)
[debug] [2018-03-08T15:01:48.767Z] <<< HTTP RESPONSE 200
